<?xml version="1.0" encoding="UTF-8"?>
<!-- Generated by org.testng.reporters.JUnitXMLReporter -->
<testsuite ignored="0" hostname="DVYAS" failures="0" tests="3" name="Default test" time="6.219" errors="0" timestamp="2024-01-26T16:13:01 EST">
  <testcase classname="package1.RestAssured.LibraryAPI" name="addBook" time="3.842"/>
  <testcase classname="package1.RestAssured.LibraryAPI" name="addBook" time="1.115"/>
  <testcase classname="package1.RestAssured.LibraryAPI" name="addBook" time="1.134"/>
</testsuite> <!-- Default test -->
