<?xml version="1.0" encoding="UTF-8"?>
<testng-results ignored="0" total="3" passed="3" failed="0" skipped="0">
  <reporter-output>
  </reporter-output>
  <suite started-at="2024-01-26T16:12:54 EST" name="Default suite" finished-at="2024-01-26T16:13:01 EST" duration-ms="6219">
    <groups>
    </groups>
    <test started-at="2024-01-26T16:12:54 EST" name="Default test" finished-at="2024-01-26T16:13:01 EST" duration-ms="6219">
      <class name="package1.RestAssured.LibraryAPI">
        <test-method signature="addBook(java.lang.String, java.lang.String)[pri:0, instance:package1.RestAssured.LibraryAPI@2f54a33d]" started-at="2024-01-26T16:12:54 EST" name="addBook" data-provider="booksData" finished-at="2024-01-26T16:12:58 EST" duration-ms="3842" status="PASS">
          <params>
            <param index="0">
              <value>
                <![CDATA[whewu]]>
              </value>
            </param>
            <param index="1">
              <value>
                <![CDATA[3742]]>
              </value>
            </param>
          </params>
          <reporter-output>
          </reporter-output>
        </test-method> <!-- addBook -->
        <test-method signature="addBook(java.lang.String, java.lang.String)[pri:0, instance:package1.RestAssured.LibraryAPI@2f54a33d]" started-at="2024-01-26T16:12:58 EST" name="addBook" data-provider="booksData" finished-at="2024-01-26T16:12:59 EST" duration-ms="1115" status="PASS">
          <params>
            <param index="0">
              <value>
                <![CDATA[dkfv]]>
              </value>
            </param>
            <param index="1">
              <value>
                <![CDATA[2193]]>
              </value>
            </param>
          </params>
          <reporter-output>
          </reporter-output>
        </test-method> <!-- addBook -->
        <test-method signature="addBook(java.lang.String, java.lang.String)[pri:0, instance:package1.RestAssured.LibraryAPI@2f54a33d]" started-at="2024-01-26T16:12:59 EST" name="addBook" data-provider="booksData" finished-at="2024-01-26T16:13:01 EST" duration-ms="1134" status="PASS">
          <params>
            <param index="0">
              <value>
                <![CDATA[asdok]]>
              </value>
            </param>
            <param index="1">
              <value>
                <![CDATA[1021]]>
              </value>
            </param>
          </params>
          <reporter-output>
          </reporter-output>
        </test-method> <!-- addBook -->
      </class> <!-- package1.RestAssured.LibraryAPI -->
    </test> <!-- Default test -->
  </suite> <!-- Default suite -->
</testng-results>
